Using pre-set license
Built from '2020.3/staging' branch; Version is '2020.3.8f1 (507919d4fff5) revision 5273881'; Using compiler version '192528614'; Build Type 'Release'
OS: 'Windows 10 Education; OS build 18363.1556; Version 1909; 64bit' Language: 'es' Physical Memory: 16327 MB
BatchMode: 1, IsHumanControllingUs: 0, StartBugReporterOnCrash: 0, Is64bit: 1, IsPro: 0

 COMMAND LINE ARGUMENTS:
C:\Program Files\Unity\Hub\Editor\2020.3.8f1\Editor\Unity.exe
-adb2
-batchMode
-noUpm
-name
AssetImportWorker0
-projectPath
E:/Juegos/BulletHell/Kawaii Nightmares
-logFile
Logs/AssetImportWorker0.log
-srvPort
55038
Successfully changed project path to: E:/Juegos/BulletHell/Kawaii Nightmares
E:/Juegos/BulletHell/Kawaii Nightmares
Using Asset Import Pipeline V2.
Refreshing native plugins compatible for Editor in 24.50 ms, found 0 plugins.
Preloading 0 native plugins for Editor in 0.00 ms.
Initialize engine version: 2020.3.8f1 (507919d4fff5)
[Subsystems] Discovering subsystems at path C:/Program Files/Unity/Hub/Editor/2020.3.8f1/Editor/Data/Resources/UnitySubsystems
[Subsystems] Discovering subsystems at path E:/Juegos/BulletHell/Kawaii Nightmares/Assets
GfxDevice: creating device client; threaded=0
Direct3D:
    Version:  Direct3D 11.0 [level 11.1]
    Renderer: NVIDIA GeForce GTX 1080 (ID=0x1b80)
    Vendor:   
    VRAM:     8079 MB
    Driver:   27.21.14.6079
Initialize mono
Mono path[0] = 'C:/Program Files/Unity/Hub/Editor/2020.3.8f1/Editor/Data/Managed'
Mono path[1] = 'C:/Program Files/Unity/Hub/Editor/2020.3.8f1/Editor/Data/MonoBleedingEdge/lib/mono/unityjit'
Mono config path = 'C:/Program Files/Unity/Hub/Editor/2020.3.8f1/Editor/Data/MonoBleedingEdge/etc'
Using monoOptions --debugger-agent=transport=dt_socket,embedding=1,server=y,suspend=n,address=127.0.0.1:56880
Begin MonoManager ReloadAssembly
Registering precompiled unity dll's ...
Register platform support module: C:/Program Files/Unity/Hub/Editor/2020.3.8f1/Editor/Data/PlaybackEngines/WindowsStandaloneSupport/UnityEditor.WindowsStandalone.Extensions.dll
Registered in 0.001562 seconds.
Native extension for WindowsStandalone target not found
Refreshing native plugins compatible for Editor in 25.16 ms, found 0 plugins.
Preloading 0 native plugins for Editor in 0.00 ms.
Mono: successfully reloaded assembly
- Completed reload, in  0.910 seconds
Platform modules already initialized, skipping
Registering precompiled user dll's ...
Registered in 0.000877 seconds.
Begin MonoManager ReloadAssembly
Native extension for WindowsStandalone target not found
Refreshing native plugins compatible for Editor in 0.20 ms, found 0 plugins.
Preloading 0 native plugins for Editor in 0.00 ms.
Mono: successfully reloaded assembly
- Completed reload, in  0.788 seconds
Platform modules already initialized, skipping
========================================================================
Worker process is ready to serve import requests
Launched and connected shader compiler UnityShaderCompiler.exe after 0.04 seconds
Refreshing native plugins compatible for Editor in 0.30 ms, found 0 plugins.
Preloading 0 native plugins for Editor in 0.00 ms.
Unloading 1251 Unused Serialized files (Serialized files now loaded: 0)
System memory in use before: 62.8 MB.
System memory in use after: 62.8 MB.

Unloading 13 unused Assets to reduce memory usage. Loaded Objects now: 1696.
Total: 2.405500 ms (FindLiveObjects: 0.214000 ms CreateObjectMapping: 0.062800 ms MarkObjects: 2.049900 ms  DeleteObjects: 0.077600 ms)

========================================================================
Received Import Request.
  path: Assets/Scripts/Enemies Scripts/Enemy.cs
  artifactKey: Guid(8e9d2436a78569d43b64ec1d740fb759) Importer(815301076,1909f56bfc062723c751e8b465ee728b)
Start importing Assets/Scripts/Enemies Scripts/Enemy.cs using Guid(8e9d2436a78569d43b64ec1d740fb759) Importer(815301076,1909f56bfc062723c751e8b465ee728b)  -> (artifact id: 'e212ab4a69a9391a2e4c8d07fb55d376') in 0.035715 seconds
  Import took 0.182473 seconds .

========================================================================
Received Import Request.
  Time since last request: 111.789447 seconds.
  path: Assets/Scripts/DialogueAndLanguage/DialogueManager.cs
  artifactKey: Guid(6919951952c4b52499d99e646044ce35) Importer(815301076,1909f56bfc062723c751e8b465ee728b)
Start importing Assets/Scripts/DialogueAndLanguage/DialogueManager.cs using Guid(6919951952c4b52499d99e646044ce35) Importer(815301076,1909f56bfc062723c751e8b465ee728b)  -> (artifact id: '2563d035ccd73c071f85b442eeccfbff') in 0.014130 seconds
  Import took 0.088861 seconds .

========================================================================
Received Import Request.
  Time since last request: 143.790571 seconds.
  path: Assets/Scripts/Enemies Scripts
  artifactKey: Guid(6bb7bdf106174c649bc8f820bf9ac8f8) Importer(815301076,1909f56bfc062723c751e8b465ee728b)
Start importing Assets/Scripts/Enemies Scripts using Guid(6bb7bdf106174c649bc8f820bf9ac8f8) Importer(815301076,1909f56bfc062723c751e8b465ee728b)  -> (artifact id: '97709d665382c2949b5b8d6f830c8f8f') in 0.006087 seconds
  Import took 0.121662 seconds .

========================================================================
Received Prepare
Registering precompiled user dll's ...
Registered in 0.000818 seconds.
Begin MonoManager ReloadAssembly
Native extension for WindowsStandalone target not found
Refreshing native plugins compatible for Editor in 0.19 ms, found 0 plugins.
Preloading 0 native plugins for Editor in 0.00 ms.
Mono: successfully reloaded assembly
- Completed reload, in  0.644 seconds
Platform modules already initialized, skipping
Switching build target platform(5) subTarget(0) extendedPlatform(0) -> platform(13) subTarget(537395200) extendedPlatform(0)
Refreshing native plugins compatible for Editor in 0.65 ms, found 0 plugins.
Preloading 0 native plugins for Editor in 0.00 ms.
Unloading 1236 Unused Serialized files (Serialized files now loaded: 0)
System memory in use before: 61.3 MB.
System memory in use after: 61.4 MB.

Unloading 4 unused Assets to reduce memory usage. Loaded Objects now: 1699.
Total: 2.716300 ms (FindLiveObjects: 0.197900 ms CreateObjectMapping: 0.071600 ms MarkObjects: 2.421400 ms  DeleteObjects: 0.023300 ms)

AssetImportParameters requested are different than current active one (requested -> active):
  custom:graphics/normal-map-encoding: 01000000000000000000000000000000 -> 02000000000000000000000000000000
AssetImportWorkerClient::OnTransportError - code=2 error=End of file
